Config:
-----------------------------------------
EVAL_MODE: False
OUTPUT: /home/xuyifan/Euler_Beam/log_test
SEED: 123
TEST:
  EVAL_STEP: 5
  START_EVAL: 0
TRAIN:
  AMP: False
  LR_SCHEDULER:
    DECAY_RATE: 0.1
    STEPSIZE: [20, 40]
  MAX_EPOCH: 1000
  OPTIMIZER:
    LR: 0.001
    WEIGHT_DECAY: 0.0005
  START_EPOCH: 0
-----------------------------------------
epoch:0, loss:0.007693887688219547
epoch:10, loss:0.0018892112420871854
epoch:20, loss:0.0010516192996874452
epoch:30, loss:0.0008379110950045288
epoch:40, loss:0.0008031835313886404
epoch:50, loss:0.0007538523059338331
epoch:60, loss:0.000699488737154752
epoch:70, loss:0.0006473393877968192
epoch:80, loss:0.0005945715238340199
epoch:90, loss:0.0005408331635408103
epoch:100, loss:0.00048809382133185863
epoch:110, loss:0.00043916128925047815
epoch:120, loss:0.00039615738205611706
epoch:130, loss:0.00035879193455912173
epoch:140, loss:0.0003245109401177615
epoch:150, loss:0.0002906958688981831
epoch:160, loss:0.0002565450849942863
epoch:170, loss:0.0002225506177637726
epoch:180, loss:0.0001892867439892143
epoch:190, loss:0.00015712928143329918
epoch:200, loss:0.0001265285536646843
epoch:210, loss:9.813972428673878e-05
epoch:220, loss:7.273522351169959e-05
epoch:230, loss:5.112445433042012e-05
epoch:240, loss:3.4014403354376554e-05
epoch:250, loss:2.173456596210599e-05
epoch:260, loss:1.3967716768092941e-05
epoch:270, loss:9.745917850523256e-06
epoch:280, loss:7.7959621194168e-06
epoch:290, loss:7.000779078225605e-06
epoch:300, loss:6.657611265836749e-06
epoch:310, loss:6.44640840619104e-06
epoch:320, loss:6.265731371968286e-06
epoch:330, loss:6.096660399634857e-06
epoch:340, loss:5.938431968388613e-06
epoch:350, loss:5.790578143205494e-06
epoch:360, loss:5.651412720908411e-06
epoch:370, loss:5.519236765394453e-06
epoch:380, loss:5.39273696631426e-06
epoch:390, loss:5.271014288155129e-06
epoch:400, loss:5.153389793122187e-06
epoch:410, loss:5.039356892666547e-06
epoch:420, loss:4.92850131195155e-06
epoch:430, loss:4.8205106395471375e-06
epoch:440, loss:4.715144768852042e-06
epoch:450, loss:4.612199973053066e-06
epoch:460, loss:4.511515271587996e-06
epoch:470, loss:4.4129778871138114e-06
epoch:480, loss:4.316479135013651e-06
epoch:490, loss:4.2219362512696534e-06
epoch:500, loss:4.12928329751594e-06
epoch:510, loss:4.038462066091597e-06
epoch:520, loss:3.949420261051273e-06
epoch:530, loss:3.86211286240723e-06
epoch:540, loss:3.7764987155242125e-06
epoch:550, loss:3.692555765155703e-06
epoch:560, loss:3.6102355807088315e-06
epoch:570, loss:3.5295174711791333e-06
epoch:580, loss:3.450403482929687e-06
epoch:590, loss:3.383411012691795e-06
epoch:600, loss:3.9155975173343904e-06
epoch:610, loss:3.4227052765345434e-06
epoch:620, loss:3.1895222036837367e-06
epoch:630, loss:3.0877622521074954e-06
epoch:640, loss:3.026707418030128e-06
epoch:650, loss:2.958207460324047e-06
epoch:660, loss:2.8906520128657576e-06
epoch:670, loss:2.8267068046261556e-06
epoch:680, loss:2.764468490568106e-06
epoch:690, loss:2.7032058369513834e-06
epoch:700, loss:2.6431548576510977e-06
epoch:710, loss:2.5842202830972383e-06
epoch:720, loss:2.5267731871281285e-06
epoch:730, loss:2.5032054509210866e-06
epoch:740, loss:3.710681312441011e-06
epoch:750, loss:2.461268195474986e-06
epoch:760, loss:2.33391779147496e-06
epoch:770, loss:2.3183374651125632e-06
epoch:780, loss:2.219118869106751e-06
epoch:790, loss:2.172678478018497e-06
epoch:800, loss:2.118732481903862e-06
epoch:810, loss:2.0727727587654954e-06
epoch:820, loss:2.0270817913115025e-06
epoch:830, loss:1.982206640605e-06
epoch:840, loss:1.9384469851502217e-06
epoch:850, loss:1.8952913478642586e-06
epoch:860, loss:1.85659337148536e-06
epoch:870, loss:2.2317121874948498e-06
epoch:880, loss:1.9712613266165135e-06
epoch:890, loss:1.9300580333947437e-06
epoch:900, loss:1.8704788544710027e-06
epoch:910, loss:1.6756822560637374e-06
epoch:920, loss:1.641216272219026e-06
epoch:930, loss:1.5939589275149046e-06
epoch:940, loss:1.5607448631271836e-06
epoch:950, loss:1.5244678479575668e-06
epoch:960, loss:1.490556201133586e-06
epoch:970, loss:1.4576293096979498e-06
epoch:980, loss:1.4251129414333263e-06
epoch:990, loss:1.393587240272609e-06
